[debug] [2024-11-15T16:32:57.882Z] ----------------------------------------------------------------------
[debug] [2024-11-15T16:32:57.888Z] Command:       D:\nodejs\node.exe C:\Users\my pc\AppData\Roaming\npm\node_modules\firebase-tools\lib\bin\firebase.js init
[debug] [2024-11-15T16:32:57.889Z] CLI Version:   12.6.1
[debug] [2024-11-15T16:32:57.890Z] Platform:      win32
[debug] [2024-11-15T16:32:57.890Z] Node Version:  v19.7.0
[debug] [2024-11-15T16:32:57.890Z] Time:          Fri Nov 15 2024 22:02:57 GMT+0530 (India Standard Time)
[debug] [2024-11-15T16:32:57.890Z] ----------------------------------------------------------------------
[debug] 
[debug] [2024-11-15T16:32:57.923Z] >>> [apiv2][query] GET https://firebase-public.firebaseio.com/cli.json [none]
[debug] [2024-11-15T16:32:58.263Z] > command requires scopes: ["email","openid","https://www.googleapis.com/auth/cloudplatformprojects.readonly","https://www.googleapis.com/auth/firebase","https://www.googleapis.com/auth/cloud-platform"]
[debug] [2024-11-15T16:32:58.264Z] > authorizing via signed-in user (chitreshbabu8@gmail.com)
[info] 
     ######## #### ########  ######## ########     ###     ######  ########
     ##        ##  ##     ## ##       ##     ##  ##   ##  ##       ##
     ######    ##  ########  ######   ########  #########  ######  ######
     ##        ##  ##    ##  ##       ##     ## ##     ##       ## ##
     ##       #### ##     ## ######## ########  ##     ##  ######  ########

You're about to initialize a Firebase project in this directory:

  D:\React\practice\resume-application-06-07-2023

Before we get started, keep in mind:

  * You are initializing within an existing Firebase project directory

[debug] [2024-11-15T16:32:58.973Z] <<< [apiv2][status] GET https://firebase-public.firebaseio.com/cli.json 200
[debug] [2024-11-15T16:32:58.975Z] <<< [apiv2][body] GET https://firebase-public.firebaseio.com/cli.json {"cloudBuildErrorAfter":1594252800000,"cloudBuildWarnAfter":1590019200000,"defaultNode10After":1594252800000,"minVersion":"3.0.5","node8DeploysDisabledAfter":1613390400000,"node8RuntimeDisabledAfter":1615809600000,"node8WarnAfter":1600128000000}
[info] 
=== Project Setup
[info] 
[info] First, let's associate this project directory with a Firebase project.
[info] You can create multiple project aliases by running firebase use --add, 
[info] but for now we'll just set up a default project.
[info] 
[debug] [2024-11-15T16:36:13.342Z] Using project from CLI flag: responsive-resume-6a88e
[debug] [2024-11-15T16:36:13.344Z] > refreshing access token with scopes: []
[debug] [2024-11-15T16:36:13.356Z] >>> [apiv2][query] POST https://www.googleapis.com/oauth2/v3/token [none]
[debug] [2024-11-15T16:36:13.356Z] >>> [apiv2][body] POST https://www.googleapis.com/oauth2/v3/token [omitted]
[debug] [2024-11-15T16:36:13.570Z] <<< [apiv2][status] POST https://www.googleapis.com/oauth2/v3/token 400
[debug] [2024-11-15T16:36:13.571Z] <<< [apiv2][body] POST https://www.googleapis.com/oauth2/v3/token [omitted]
[debug] [2024-11-15T16:36:13.572Z] >>> [apiv2][query] GET https://firebase.googleapis.com/v1beta1/projects/responsive-resume-6a88e [none]
[debug] [2024-11-15T16:36:13.829Z] <<< [apiv2][status] GET https://firebase.googleapis.com/v1beta1/projects/responsive-resume-6a88e 401
[debug] [2024-11-15T16:36:13.830Z] <<< [apiv2][body] GET https://firebase.googleapis.com/v1beta1/projects/responsive-resume-6a88e {"error":{"code":401,"message":"Request had invalid authentication credentials. Expected OAuth 2 access token, login cookie or other valid authentication credential. See https://developers.google.com/identity/sign-in/web/devconsole-project.","status":"UNAUTHENTICATED"}}
[debug] [2024-11-15T16:36:13.832Z] HTTP Error: 401, Request had invalid authentication credentials. Expected OAuth 2 access token, login cookie or other valid authentication credential. See https://developers.google.com/identity/sign-in/web/devconsole-project.
[debug] [2024-11-15T16:36:14.030Z] FirebaseError: HTTP Error: 401, Request had invalid authentication credentials. Expected OAuth 2 access token, login cookie or other valid authentication credential. See https://developers.google.com/identity/sign-in/web/devconsole-project.
    at responseToError (C:\Users\my pc\AppData\Roaming\npm\node_modules\firebase-tools\lib\responseToError.js:49:12)
    at RetryOperation._fn (C:\Users\my pc\AppData\Roaming\npm\node_modules\firebase-tools\lib\apiv2.js:285:77)
    at process.processTicksAndRejections (node:internal/process/task_queues:95:5)
[error] 
[error] Error: Failed to get Firebase project responsive-resume-6a88e. Please make sure the project exists and your account has permission to access it.
[debug] [2024-11-15T16:39:49.098Z] ----------------------------------------------------------------------
[debug] [2024-11-15T16:39:49.104Z] Command:       D:\nodejs\node.exe C:\Users\my pc\AppData\Roaming\npm\node_modules\firebase-tools\lib\bin\firebase.js init
[debug] [2024-11-15T16:39:49.105Z] CLI Version:   12.6.1
[debug] [2024-11-15T16:39:49.106Z] Platform:      win32
[debug] [2024-11-15T16:39:49.107Z] Node Version:  v19.7.0
[debug] [2024-11-15T16:39:49.107Z] Time:          Fri Nov 15 2024 22:09:49 GMT+0530 (India Standard Time)
[debug] [2024-11-15T16:39:49.107Z] ----------------------------------------------------------------------
[debug] 
[debug] [2024-11-15T16:39:49.265Z] > command requires scopes: ["email","openid","https://www.googleapis.com/auth/cloudplatformprojects.readonly","https://www.googleapis.com/auth/firebase","https://www.googleapis.com/auth/cloud-platform"]
[debug] [2024-11-15T16:39:49.266Z] > authorizing via signed-in user (chitreshbabu8@gmail.com)
[info] 
     ######## #### ########  ######## ########     ###     ######  ########
     ##        ##  ##     ## ##       ##     ##  ##   ##  ##       ##
     ######    ##  ########  ######   ########  #########  ######  ######
     ##        ##  ##    ##  ##       ##     ## ##     ##       ## ##
     ##       #### ##     ## ######## ########  ##     ##  ######  ########

You're about to initialize a Firebase project in this directory:

  D:\React\practice\resume-application-06-07-2023

Before we get started, keep in mind:

  * You are initializing within an existing Firebase project directory

[info] 
=== Project Setup
[info] 
[info] First, let's associate this project directory with a Firebase project.
[info] You can create multiple project aliases by running firebase use --add, 
[info] but for now we'll just set up a default project.
[info] 
[debug] [2024-11-15T16:39:57.766Z] Using project from CLI flag: responsive-resume-6a88e
[debug] [2024-11-15T16:39:57.769Z] > refreshing access token with scopes: []
[debug] [2024-11-15T16:39:57.773Z] >>> [apiv2][query] POST https://www.googleapis.com/oauth2/v3/token [none]
[debug] [2024-11-15T16:39:57.773Z] >>> [apiv2][body] POST https://www.googleapis.com/oauth2/v3/token [omitted]
[debug] [2024-11-15T16:39:58.083Z] <<< [apiv2][status] POST https://www.googleapis.com/oauth2/v3/token 400
[debug] [2024-11-15T16:39:58.084Z] <<< [apiv2][body] POST https://www.googleapis.com/oauth2/v3/token [omitted]
[debug] [2024-11-15T16:39:58.085Z] >>> [apiv2][query] GET https://firebase.googleapis.com/v1beta1/projects/responsive-resume-6a88e [none]
[debug] [2024-11-15T16:39:58.437Z] <<< [apiv2][status] GET https://firebase.googleapis.com/v1beta1/projects/responsive-resume-6a88e 401
[debug] [2024-11-15T16:39:58.438Z] <<< [apiv2][body] GET https://firebase.googleapis.com/v1beta1/projects/responsive-resume-6a88e {"error":{"code":401,"message":"Request had invalid authentication credentials. Expected OAuth 2 access token, login cookie or other valid authentication credential. See https://developers.google.com/identity/sign-in/web/devconsole-project.","status":"UNAUTHENTICATED"}}
[debug] [2024-11-15T16:39:58.442Z] HTTP Error: 401, Request had invalid authentication credentials. Expected OAuth 2 access token, login cookie or other valid authentication credential. See https://developers.google.com/identity/sign-in/web/devconsole-project.
[debug] [2024-11-15T16:39:58.637Z] FirebaseError: HTTP Error: 401, Request had invalid authentication credentials. Expected OAuth 2 access token, login cookie or other valid authentication credential. See https://developers.google.com/identity/sign-in/web/devconsole-project.
    at responseToError (C:\Users\my pc\AppData\Roaming\npm\node_modules\firebase-tools\lib\responseToError.js:49:12)
    at RetryOperation._fn (C:\Users\my pc\AppData\Roaming\npm\node_modules\firebase-tools\lib\apiv2.js:285:77)
    at process.processTicksAndRejections (node:internal/process/task_queues:95:5)
[error] 
[error] Error: Failed to get Firebase project responsive-resume-6a88e. Please make sure the project exists and your account has permission to access it.
